

Version:	3.13
CmdLine:	C:\Users\John\eclipse-workspace\5eShopGenerator\5eShopGen.exe --l4j-debug
WOW64:		yes
Working dir:	C:\Users\John\eclipse-workspace\5eShopGenerator\.
Java min ver:	1.001.000
Java max ver:	
64-bit search:	SOFTWARE\JavaSoft\Java Runtime Environment...
Check:		SOFTWARE\JavaSoft\Java Runtime Environment\1.8
Check launcher:	C:\Program Files\Java\jre1.8.0_231\bin\javaw.exe (OK)
Match:		1.008.000
Check:		SOFTWARE\JavaSoft\Java Runtime Environment\1.8.0_231
Check launcher:	C:\Program Files\Java\jre1.8.0_231\bin\javaw.exe (OK)
Match:		1.008.000_231
64-bit search:	SOFTWARE\JavaSoft\Java Development Kit...
64-bit search:	SOFTWARE\JavaSoft\JRE...
64-bit search:	SOFTWARE\JavaSoft\JDK...
Runtime used:	1.008.000_231 (64-bit)
Launcher:	C:\Program Files\Java\jre1.8.0_231\bin\javaw.exe
Launcher args:	-jar "C:\Users\John\eclipse-workspace\5eShopGenerator\5eShopGen.exe"
Args length:	68/32768 chars
Exit code:	0


Version:	3.13
CmdLine:	C:\Users\John\eclipse-workspace\5eShopGenerator\5eShopGen.exe --l4j-debug
WOW64:		yes
Working dir:	C:\Users\John\eclipse-workspace\5eShopGenerator\.
Java min ver:	1.001.000
Java max ver:	
64-bit search:	SOFTWARE\JavaSoft\Java Runtime Environment...
Check:		SOFTWARE\JavaSoft\Java Runtime Environment\1.8
Check launcher:	C:\Program Files\Java\jre1.8.0_231\bin\javaw.exe (OK)
Match:		1.008.000
Check:		SOFTWARE\JavaSoft\Java Runtime Environment\1.8.0_231
Check launcher:	C:\Program Files\Java\jre1.8.0_231\bin\javaw.exe (OK)
Match:		1.008.000_231
64-bit search:	SOFTWARE\JavaSoft\Java Development Kit...
64-bit search:	SOFTWARE\JavaSoft\JRE...
64-bit search:	SOFTWARE\JavaSoft\JDK...
Runtime used:	1.008.000_231 (64-bit)
Launcher:	C:\Program Files\Java\jre1.8.0_231\bin\javaw.exe
Launcher args:	-jar "C:\Users\John\eclipse-workspace\5eShopGenerator\5eShopGen.exe"
Args length:	68/32768 chars
Exit code:	0


Version:	3.13
CmdLine:	C:\Users\John\eclipse-workspace\5eShopGenerator\5eShopGen.exe --l4j-debug
WOW64:		yes
Working dir:	C:\Users\John\eclipse-workspace\5eShopGenerator\.
Java min ver:	1.001.000
Java max ver:	1.052.000
64-bit search:	SOFTWARE\JavaSoft\Java Runtime Environment...
Check:		SOFTWARE\JavaSoft\Java Runtime Environment\1.8
Check launcher:	C:\Program Files\Java\jre1.8.0_231\bin\javaw.exe (OK)
Match:		1.008.000
Check:		SOFTWARE\JavaSoft\Java Runtime Environment\1.8.0_231
Check launcher:	C:\Program Files\Java\jre1.8.0_231\bin\javaw.exe (OK)
Match:		1.008.000_231
64-bit search:	SOFTWARE\JavaSoft\Java Development Kit...
64-bit search:	SOFTWARE\JavaSoft\JRE...
64-bit search:	SOFTWARE\JavaSoft\JDK...
Runtime used:	1.008.000_231 (64-bit)
Launcher:	C:\Program Files\Java\jre1.8.0_231\bin\javaw.exe
Launcher args:	-jar "C:\Users\John\eclipse-workspace\5eShopGenerator\5eShopGen.exe"
Args length:	68/32768 chars
Exit code:	0


Version:	3.13
CmdLine:	C:\Users\John\eclipse-workspace\5eShopGenerator\5eShopGen.exe --l4j-debug
WOW64:		yes
Working dir:	C:\Users\John\eclipse-workspace\5eShopGenerator\.
Java min ver:	1.001.000
Java max ver:	1.052.000
64-bit search:	SOFTWARE\JavaSoft\Java Runtime Environment...
Check:		SOFTWARE\JavaSoft\Java Runtime Environment\1.8
Check launcher:	C:\Program Files\Java\jre1.8.0_231\bin\javaw.exe (OK)
Match:		1.008.000
Check:		SOFTWARE\JavaSoft\Java Runtime Environment\1.8.0_231
Check launcher:	C:\Program Files\Java\jre1.8.0_231\bin\javaw.exe (OK)
Match:		1.008.000_231
64-bit search:	SOFTWARE\JavaSoft\Java Development Kit...
64-bit search:	SOFTWARE\JavaSoft\JRE...
64-bit search:	SOFTWARE\JavaSoft\JDK...
Runtime used:	1.008.000_231 (64-bit)
Launcher:	C:\Program Files\Java\jre1.8.0_231\bin\javaw.exe
Launcher args:	-jar "C:\Users\John\eclipse-workspace\5eShopGenerator\5eShopGen.exe"
Args length:	68/32768 chars
Exit code:	0


Version:	3.13
CmdLine:	C:\Users\John\eclipse-workspace\5eShopGenerator\5eShopGen.exe --l4j-debug
WOW64:		yes
Working dir:	C:\Users\John\eclipse-workspace\5eShopGenerator\.
Java min ver:	1.001.000
Java max ver:	1.052.000
64-bit search:	SOFTWARE\JavaSoft\Java Runtime Environment...
Check:		SOFTWARE\JavaSoft\Java Runtime Environment\1.8
Check launcher:	C:\Program Files\Java\jre1.8.0_231\bin\javaw.exe (OK)
Match:		1.008.000
Check:		SOFTWARE\JavaSoft\Java Runtime Environment\1.8.0_231
Check launcher:	C:\Program Files\Java\jre1.8.0_231\bin\javaw.exe (OK)
Match:		1.008.000_231
64-bit search:	SOFTWARE\JavaSoft\Java Development Kit...
64-bit search:	SOFTWARE\JavaSoft\JRE...
64-bit search:	SOFTWARE\JavaSoft\JDK...
Runtime used:	1.008.000_231 (64-bit)
Launcher:	C:\Program Files\Java\jre1.8.0_231\bin\javaw.exe
Launcher args:	-jar "C:\Users\John\eclipse-workspace\5eShopGenerator\5eShopGen.exe"
Args length:	68/32768 chars
Exit code:	0


Version:	3.13
CmdLine:	C:\Users\John\eclipse-workspace\5eShopGenerator\5eShopGen.exe --l4j-debug
WOW64:		yes
Working dir:	C:\Users\John\eclipse-workspace\5eShopGenerator\.
Java min ver:	1.001.000
Java max ver:	1.052.000
64-bit search:	SOFTWARE\JavaSoft\Java Runtime Environment...
Check:		SOFTWARE\JavaSoft\Java Runtime Environment\1.8
Check launcher:	C:\Program Files\Java\jre1.8.0_231\bin\javaw.exe (OK)
Match:		1.008.000
Check:		SOFTWARE\JavaSoft\Java Runtime Environment\1.8.0_231
Check launcher:	C:\Program Files\Java\jre1.8.0_231\bin\javaw.exe (OK)
Match:		1.008.000_231
64-bit search:	SOFTWARE\JavaSoft\Java Development Kit...
64-bit search:	SOFTWARE\JavaSoft\JRE...
64-bit search:	SOFTWARE\JavaSoft\JDK...
Runtime used:	1.008.000_231 (64-bit)
Launcher:	C:\Program Files\Java\jre1.8.0_231\bin\javaw.exe
Launcher args:	-jar "C:\Users\John\eclipse-workspace\5eShopGenerator\5eShopGen.exe"
Args length:	68/32768 chars
Exit code:	0


Version:	3.13
CmdLine:	C:\Users\John\eclipse-workspace\5eShopGenerator\5eShopGen.exe --l4j-debug
WOW64:		yes
Working dir:	C:\Users\John\eclipse-workspace\5eShopGenerator\.
Java min ver:	1.001.000
Java max ver:	1.052.000
64-bit search:	SOFTWARE\JavaSoft\Java Runtime Environment...
Check:		SOFTWARE\JavaSoft\Java Runtime Environment\1.8
Check launcher:	C:\Program Files\Java\jre1.8.0_231\bin\javaw.exe (OK)
Match:		1.008.000
Check:		SOFTWARE\JavaSoft\Java Runtime Environment\1.8.0_231
Check launcher:	C:\Program Files\Java\jre1.8.0_231\bin\javaw.exe (OK)
Match:		1.008.000_231
64-bit search:	SOFTWARE\JavaSoft\Java Development Kit...
64-bit search:	SOFTWARE\JavaSoft\JRE...
64-bit search:	SOFTWARE\JavaSoft\JDK...
Runtime used:	1.008.000_231 (64-bit)
Launcher:	C:\Program Files\Java\jre1.8.0_231\bin\javaw.exe
Launcher args:	-jar "C:\Users\John\eclipse-workspace\5eShopGenerator\5eShopGen.exe"
Args length:	68/32768 chars
Exit code:	0


Version:	3.13
CmdLine:	C:\Users\John\eclipse-workspace\5eShopGenerator\5eShopGen.exe --l4j-debug
WOW64:		yes
Working dir:	C:\Users\John\eclipse-workspace\5eShopGenerator\.
Java min ver:	1.001.000
Java max ver:	1.052.000
64-bit search:	SOFTWARE\JavaSoft\Java Runtime Environment...
Check:		SOFTWARE\JavaSoft\Java Runtime Environment\1.8
Check launcher:	C:\Program Files\Java\jre1.8.0_231\bin\javaw.exe (OK)
Match:		1.008.000
Check:		SOFTWARE\JavaSoft\Java Runtime Environment\1.8.0_231
Check launcher:	C:\Program Files\Java\jre1.8.0_231\bin\javaw.exe (OK)
Match:		1.008.000_231
64-bit search:	SOFTWARE\JavaSoft\Java Development Kit...
64-bit search:	SOFTWARE\JavaSoft\JRE...
64-bit search:	SOFTWARE\JavaSoft\JDK...
Runtime used:	1.008.000_231 (64-bit)
Launcher:	C:\Program Files\Java\jre1.8.0_231\bin\javaw.exe
Launcher args:	-jar "C:\Users\John\eclipse-workspace\5eShopGenerator\5eShopGen.exe"
Args length:	68/32768 chars
Exit code:	0
